2021-04-20 16:09:55,543 [Worker-3: Loading available Gradle versions] INFO  c.g.t.t.d.PublishedGradleVersions - Gradle version information cache is up-to-date. Trying to read.
2021-04-20 16:10:21,095 [Worker-6: Creating maven-archetype-quickstart] INFO  o.e.m.c.i.p.ProjectConfigurationManager - Collecting project info '/pom.xml' E:\Fourth Frontier\Frontier X\frontierX\pom.xml
2021-04-20 16:10:22,087 [Worker-6: Creating maven-archetype-quickstart] INFO  o.e.m.c.i.l.LifecycleMappingFactory - Using org.eclipse.m2e.jdt.JarLifecycleMapping lifecycle mapping for MavenProject: 1:frontierX:0.0.1-SNAPSHOT @ E:\Fourth Frontier\Frontier X\frontierX\pom.xml.
2021-04-20 16:10:22,961 [Worker-6: Creating maven-archetype-quickstart] INFO  o.e.m.j.i.AbstractJavaProjectConfigurator - Adding source folder /frontierX/src/main/java
2021-04-20 16:10:22,966 [Worker-6: Creating maven-archetype-quickstart] INFO  o.e.m.j.i.AbstractJavaProjectConfigurator - Adding source folder /frontierX/src/test/java
2021-04-20 16:10:23,738 [Worker-6: Creating maven-archetype-quickstart] INFO  o.e.m.c.i.p.ProjectConfigurationManager - Imported and configured 1 project(s) in 2 sec
2021-04-20 16:10:24,335 [Worker-9: Building workspace] INFO  o.e.m.c.i.embedder.EclipseLogger - Using 'UTF-8' encoding to copy filtered resources.
2021-04-20 16:10:24,336 [Worker-9: Building workspace] INFO  o.e.m.c.i.embedder.EclipseLogger - skip non existing resourceDirectory E:\Fourth Frontier\Frontier X\frontierX\src\main\resources
2021-04-20 16:10:24,338 [Worker-9: Building workspace] INFO  o.e.m.c.i.embedder.EclipseLogger - Using 'UTF-8' encoding to copy filtered resources.
2021-04-20 16:10:24,338 [Worker-9: Building workspace] INFO  o.e.m.c.i.embedder.EclipseLogger - skip non existing resourceDirectory E:\Fourth Frontier\Frontier X\frontierX\src\test\resources
2021-04-20 16:10:45,406 [Worker-4: Building workspace] INFO  o.e.m.c.i.embedder.EclipseLogger - Using 'UTF-8' encoding to copy filtered resources.
2021-04-20 16:10:45,406 [Worker-4: Building workspace] INFO  o.e.m.c.i.embedder.EclipseLogger - skip non existing resourceDirectory E:\Fourth Frontier\Frontier X\frontierX\src\main\resources
2021-04-20 16:10:45,408 [Worker-4: Building workspace] INFO  o.e.m.c.i.embedder.EclipseLogger - Using 'UTF-8' encoding to copy filtered resources.
2021-04-20 16:10:45,408 [Worker-4: Building workspace] INFO  o.e.m.c.i.embedder.EclipseLogger - skip non existing resourceDirectory E:\Fourth Frontier\Frontier X\frontierX\src\test\resources
2021-04-20 16:11:07,983 [Worker-13: Building workspace] INFO  o.e.m.c.i.embedder.EclipseLogger - Using 'UTF-8' encoding to copy filtered resources.
2021-04-20 16:11:07,983 [Worker-13: Building workspace] INFO  o.e.m.c.i.embedder.EclipseLogger - skip non existing resourceDirectory E:\Fourth Frontier\Frontier X\frontierX\src\main\resources
2021-04-20 16:11:07,985 [Worker-13: Building workspace] INFO  o.e.m.c.i.embedder.EclipseLogger - Using 'UTF-8' encoding to copy filtered resources.
2021-04-20 16:11:07,985 [Worker-13: Building workspace] INFO  o.e.m.c.i.embedder.EclipseLogger - skip non existing resourceDirectory E:\Fourth Frontier\Frontier X\frontierX\src\test\resources
2021-04-20 16:11:20,267 [Worker-9: Building workspace] INFO  o.e.m.c.i.embedder.EclipseLogger - Using 'UTF-8' encoding to copy filtered resources.
2021-04-20 16:11:20,267 [Worker-9: Building workspace] INFO  o.e.m.c.i.embedder.EclipseLogger - skip non existing resourceDirectory E:\Fourth Frontier\Frontier X\frontierX\src\main\resources
2021-04-20 16:11:20,268 [Worker-9: Building workspace] INFO  o.e.m.c.i.embedder.EclipseLogger - Using 'UTF-8' encoding to copy filtered resources.
2021-04-20 16:11:20,269 [Worker-9: Building workspace] INFO  o.e.m.c.i.embedder.EclipseLogger - skip non existing resourceDirectory E:\Fourth Frontier\Frontier X\frontierX\src\test\resources
2021-04-20 16:11:31,739 [Worker-15: Building workspace] INFO  o.e.m.c.i.embedder.EclipseLogger - Using 'UTF-8' encoding to copy filtered resources.
2021-04-20 16:11:31,740 [Worker-15: Building workspace] INFO  o.e.m.c.i.embedder.EclipseLogger - skip non existing resourceDirectory E:\Fourth Frontier\Frontier X\frontierX\src\main\resources
2021-04-20 16:11:31,741 [Worker-15: Building workspace] INFO  o.e.m.c.i.embedder.EclipseLogger - Using 'UTF-8' encoding to copy filtered resources.
2021-04-20 16:11:31,742 [Worker-15: Building workspace] INFO  o.e.m.c.i.embedder.EclipseLogger - skip non existing resourceDirectory E:\Fourth Frontier\Frontier X\frontierX\src\test\resources
2021-04-20 16:12:34,900 [Worker-13: Building workspace] INFO  o.e.m.c.i.embedder.EclipseLogger - Using 'UTF-8' encoding to copy filtered resources.
2021-04-20 16:12:34,900 [Worker-13: Building workspace] INFO  o.e.m.c.i.embedder.EclipseLogger - skip non existing resourceDirectory E:\Fourth Frontier\Frontier X\frontierX\src\main\resources
2021-04-20 16:12:34,902 [Worker-13: Building workspace] INFO  o.e.m.c.i.embedder.EclipseLogger - Using 'UTF-8' encoding to copy filtered resources.
2021-04-20 16:12:34,902 [Worker-13: Building workspace] INFO  o.e.m.c.i.embedder.EclipseLogger - skip non existing resourceDirectory E:\Fourth Frontier\Frontier X\frontierX\src\test\resources
2021-04-20 16:13:01,636 [Worker-1: Building workspace] INFO  o.e.m.c.i.embedder.EclipseLogger - Using 'UTF-8' encoding to copy filtered resources.
2021-04-20 16:13:01,636 [Worker-1: Building workspace] INFO  o.e.m.c.i.embedder.EclipseLogger - skip non existing resourceDirectory E:\Fourth Frontier\Frontier X\frontierX\src\main\resources
2021-04-20 16:13:01,637 [Worker-1: Building workspace] INFO  o.e.m.c.i.embedder.EclipseLogger - Using 'UTF-8' encoding to copy filtered resources.
2021-04-20 16:13:01,637 [Worker-1: Building workspace] INFO  o.e.m.c.i.embedder.EclipseLogger - skip non existing resourceDirectory E:\Fourth Frontier\Frontier X\frontierX\src\test\resources
2021-04-20 16:13:38,992 [Worker-8: Building workspace] INFO  o.e.m.c.i.embedder.EclipseLogger - Using 'UTF-8' encoding to copy filtered resources.
2021-04-20 16:13:38,993 [Worker-8: Building workspace] INFO  o.e.m.c.i.embedder.EclipseLogger - skip non existing resourceDirectory E:\Fourth Frontier\Frontier X\frontierX\src\main\resources
2021-04-20 16:13:38,994 [Worker-8: Building workspace] INFO  o.e.m.c.i.embedder.EclipseLogger - Using 'UTF-8' encoding to copy filtered resources.
2021-04-20 16:13:38,996 [Worker-8: Building workspace] INFO  o.e.m.c.i.embedder.EclipseLogger - skip non existing resourceDirectory E:\Fourth Frontier\Frontier X\frontierX\src\test\resources
2021-04-20 16:14:01,378 [Worker-7: Building workspace] INFO  o.e.m.c.i.embedder.EclipseLogger - Using 'UTF-8' encoding to copy filtered resources.
2021-04-20 16:14:01,378 [Worker-7: Building workspace] INFO  o.e.m.c.i.embedder.EclipseLogger - skip non existing resourceDirectory E:\Fourth Frontier\Frontier X\frontierX\src\main\resources
2021-04-20 16:14:01,379 [Worker-7: Building workspace] INFO  o.e.m.c.i.embedder.EclipseLogger - Using 'UTF-8' encoding to copy filtered resources.
2021-04-20 16:14:01,379 [Worker-7: Building workspace] INFO  o.e.m.c.i.embedder.EclipseLogger - skip non existing resourceDirectory E:\Fourth Frontier\Frontier X\frontierX\src\test\resources
2021-04-20 16:14:19,572 [Worker-15: Building workspace] INFO  o.e.m.c.i.embedder.EclipseLogger - Using 'UTF-8' encoding to copy filtered resources.
2021-04-20 16:14:19,573 [Worker-15: Building workspace] INFO  o.e.m.c.i.embedder.EclipseLogger - skip non existing resourceDirectory E:\Fourth Frontier\Frontier X\frontierX\src\main\resources
2021-04-20 16:14:19,574 [Worker-15: Building workspace] INFO  o.e.m.c.i.embedder.EclipseLogger - Using 'UTF-8' encoding to copy filtered resources.
2021-04-20 16:14:19,574 [Worker-15: Building workspace] INFO  o.e.m.c.i.embedder.EclipseLogger - skip non existing resourceDirectory E:\Fourth Frontier\Frontier X\frontierX\src\test\resources
2021-04-20 16:14:35,177 [Worker-13: Building workspace] INFO  o.e.m.c.i.embedder.EclipseLogger - Using 'UTF-8' encoding to copy filtered resources.
2021-04-20 16:14:35,177 [Worker-13: Building workspace] INFO  o.e.m.c.i.embedder.EclipseLogger - skip non existing resourceDirectory E:\Fourth Frontier\Frontier X\frontierX\src\main\resources
2021-04-20 16:14:35,179 [Worker-13: Building workspace] INFO  o.e.m.c.i.embedder.EclipseLogger - Using 'UTF-8' encoding to copy filtered resources.
2021-04-20 16:14:35,180 [Worker-13: Building workspace] INFO  o.e.m.c.i.embedder.EclipseLogger - skip non existing resourceDirectory E:\Fourth Frontier\Frontier X\frontierX\src\test\resources
2021-04-20 16:14:37,458 [Worker-8: Building workspace] INFO  o.e.m.c.i.embedder.EclipseLogger - Using 'UTF-8' encoding to copy filtered resources.
2021-04-20 16:14:37,458 [Worker-8: Building workspace] INFO  o.e.m.c.i.embedder.EclipseLogger - skip non existing resourceDirectory E:\Fourth Frontier\Frontier X\frontierX\src\main\resources
2021-04-20 16:14:37,460 [Worker-8: Building workspace] INFO  o.e.m.c.i.embedder.EclipseLogger - Using 'UTF-8' encoding to copy filtered resources.
2021-04-20 16:14:37,460 [Worker-8: Building workspace] INFO  o.e.m.c.i.embedder.EclipseLogger - skip non existing resourceDirectory E:\Fourth Frontier\Frontier X\frontierX\src\test\resources
2021-04-20 16:14:44,145 [Worker-11: Building workspace] INFO  o.e.m.c.i.embedder.EclipseLogger - Using 'UTF-8' encoding to copy filtered resources.
2021-04-20 16:14:44,145 [Worker-11: Building workspace] INFO  o.e.m.c.i.embedder.EclipseLogger - skip non existing resourceDirectory E:\Fourth Frontier\Frontier X\frontierX\src\main\resources
2021-04-20 16:14:44,146 [Worker-11: Building workspace] INFO  o.e.m.c.i.embedder.EclipseLogger - Using 'UTF-8' encoding to copy filtered resources.
2021-04-20 16:14:44,146 [Worker-11: Building workspace] INFO  o.e.m.c.i.embedder.EclipseLogger - skip non existing resourceDirectory E:\Fourth Frontier\Frontier X\frontierX\src\test\resources
2021-04-20 16:14:50,963 [Worker-3: Building workspace] INFO  o.e.m.c.i.embedder.EclipseLogger - Using 'UTF-8' encoding to copy filtered resources.
2021-04-20 16:14:50,963 [Worker-3: Building workspace] INFO  o.e.m.c.i.embedder.EclipseLogger - skip non existing resourceDirectory E:\Fourth Frontier\Frontier X\frontierX\src\main\resources
2021-04-20 16:14:50,964 [Worker-3: Building workspace] INFO  o.e.m.c.i.embedder.EclipseLogger - Using 'UTF-8' encoding to copy filtered resources.
2021-04-20 16:14:50,965 [Worker-3: Building workspace] INFO  o.e.m.c.i.embedder.EclipseLogger - skip non existing resourceDirectory E:\Fourth Frontier\Frontier X\frontierX\src\test\resources
2021-04-20 16:14:56,598 [Worker-1: Building workspace] INFO  o.e.m.c.i.embedder.EclipseLogger - Using 'UTF-8' encoding to copy filtered resources.
2021-04-20 16:14:56,598 [Worker-1: Building workspace] INFO  o.e.m.c.i.embedder.EclipseLogger - skip non existing resourceDirectory E:\Fourth Frontier\Frontier X\frontierX\src\main\resources
2021-04-20 16:14:56,599 [Worker-1: Building workspace] INFO  o.e.m.c.i.embedder.EclipseLogger - Using 'UTF-8' encoding to copy filtered resources.
2021-04-20 16:14:56,599 [Worker-1: Building workspace] INFO  o.e.m.c.i.embedder.EclipseLogger - skip non existing resourceDirectory E:\Fourth Frontier\Frontier X\frontierX\src\test\resources
2021-04-20 16:15:30,540 [Worker-12: Building workspace] INFO  o.e.m.c.i.embedder.EclipseLogger - Using 'UTF-8' encoding to copy filtered resources.
2021-04-20 16:15:30,540 [Worker-12: Building workspace] INFO  o.e.m.c.i.embedder.EclipseLogger - skip non existing resourceDirectory E:\Fourth Frontier\Frontier X\frontierX\src\main\resources
2021-04-20 16:15:30,543 [Worker-12: Building workspace] INFO  o.e.m.c.i.embedder.EclipseLogger - Using 'UTF-8' encoding to copy filtered resources.
2021-04-20 16:15:30,543 [Worker-12: Building workspace] INFO  o.e.m.c.i.embedder.EclipseLogger - skip non existing resourceDirectory E:\Fourth Frontier\Frontier X\frontierX\src\test\resources
2021-04-20 16:18:34,391 [Worker-6: Launching DeleteActivity] INFO  o.e.m.c.i.embedder.EclipseLogger - Using 'UTF-8' encoding to copy filtered resources.
2021-04-20 16:18:34,391 [Worker-6: Launching DeleteActivity] INFO  o.e.m.c.i.embedder.EclipseLogger - skip non existing resourceDirectory E:\Fourth Frontier\Frontier X\frontierX\src\main\resources
2021-04-20 16:18:34,391 [Worker-6: Launching DeleteActivity] INFO  o.e.m.c.i.embedder.EclipseLogger - Using 'UTF-8' encoding to copy filtered resources.
2021-04-20 16:18:34,392 [Worker-6: Launching DeleteActivity] INFO  o.e.m.c.i.embedder.EclipseLogger - skip non existing resourceDirectory E:\Fourth Frontier\Frontier X\frontierX\src\test\resources
2021-04-20 16:20:09,201 [Worker-15: Launching DeleteActivity] INFO  o.e.m.c.i.embedder.EclipseLogger - Using 'UTF-8' encoding to copy filtered resources.
2021-04-20 16:20:09,201 [Worker-15: Launching DeleteActivity] INFO  o.e.m.c.i.embedder.EclipseLogger - skip non existing resourceDirectory E:\Fourth Frontier\Frontier X\frontierX\src\main\resources
2021-04-20 16:20:09,202 [Worker-15: Launching DeleteActivity] INFO  o.e.m.c.i.embedder.EclipseLogger - Using 'UTF-8' encoding to copy filtered resources.
2021-04-20 16:20:09,203 [Worker-15: Launching DeleteActivity] INFO  o.e.m.c.i.embedder.EclipseLogger - skip non existing resourceDirectory E:\Fourth Frontier\Frontier X\frontierX\src\test\resources
2021-04-20 16:26:10,211 [Worker-14: Launching DownloadCSV] INFO  o.e.m.c.i.embedder.EclipseLogger - Using 'UTF-8' encoding to copy filtered resources.
2021-04-20 16:26:10,212 [Worker-14: Launching DownloadCSV] INFO  o.e.m.c.i.embedder.EclipseLogger - skip non existing resourceDirectory E:\Fourth Frontier\Frontier X\frontierX\src\main\resources
2021-04-20 16:26:10,213 [Worker-14: Launching DownloadCSV] INFO  o.e.m.c.i.embedder.EclipseLogger - Using 'UTF-8' encoding to copy filtered resources.
2021-04-20 16:26:10,213 [Worker-14: Launching DownloadCSV] INFO  o.e.m.c.i.embedder.EclipseLogger - skip non existing resourceDirectory E:\Fourth Frontier\Frontier X\frontierX\src\test\resources
2021-04-20 16:28:18,102 [Worker-5: Launching DownloadCSV] INFO  o.e.m.c.i.embedder.EclipseLogger - Using 'UTF-8' encoding to copy filtered resources.
2021-04-20 16:28:18,102 [Worker-5: Launching DownloadCSV] INFO  o.e.m.c.i.embedder.EclipseLogger - skip non existing resourceDirectory E:\Fourth Frontier\Frontier X\frontierX\src\main\resources
2021-04-20 16:28:18,104 [Worker-5: Launching DownloadCSV] INFO  o.e.m.c.i.embedder.EclipseLogger - Using 'UTF-8' encoding to copy filtered resources.
2021-04-20 16:28:18,104 [Worker-5: Launching DownloadCSV] INFO  o.e.m.c.i.embedder.EclipseLogger - skip non existing resourceDirectory E:\Fourth Frontier\Frontier X\frontierX\src\test\resources
2021-04-20 16:29:59,187 [Worker-13: Launching DownloadCSV] INFO  o.e.m.c.i.embedder.EclipseLogger - Using 'UTF-8' encoding to copy filtered resources.
2021-04-20 16:29:59,188 [Worker-13: Launching DownloadCSV] INFO  o.e.m.c.i.embedder.EclipseLogger - skip non existing resourceDirectory E:\Fourth Frontier\Frontier X\frontierX\src\main\resources
2021-04-20 16:29:59,190 [Worker-13: Launching DownloadCSV] INFO  o.e.m.c.i.embedder.EclipseLogger - Using 'UTF-8' encoding to copy filtered resources.
2021-04-20 16:29:59,191 [Worker-13: Launching DownloadCSV] INFO  o.e.m.c.i.embedder.EclipseLogger - skip non existing resourceDirectory E:\Fourth Frontier\Frontier X\frontierX\src\test\resources
2021-04-20 16:35:51,075 [Worker-15: Launching DownloadFIT] INFO  o.e.m.c.i.embedder.EclipseLogger - Using 'UTF-8' encoding to copy filtered resources.
2021-04-20 16:35:51,075 [Worker-15: Launching DownloadFIT] INFO  o.e.m.c.i.embedder.EclipseLogger - skip non existing resourceDirectory E:\Fourth Frontier\Frontier X\frontierX\src\main\resources
2021-04-20 16:35:51,075 [Worker-15: Launching DownloadFIT] INFO  o.e.m.c.i.embedder.EclipseLogger - Using 'UTF-8' encoding to copy filtered resources.
2021-04-20 16:35:51,076 [Worker-15: Launching DownloadFIT] INFO  o.e.m.c.i.embedder.EclipseLogger - skip non existing resourceDirectory E:\Fourth Frontier\Frontier X\frontierX\src\test\resources
2021-04-20 16:42:57,856 [Worker-17: Launching DownloadZIP] INFO  o.e.m.c.i.embedder.EclipseLogger - Using 'UTF-8' encoding to copy filtered resources.
2021-04-20 16:42:57,856 [Worker-17: Launching DownloadZIP] INFO  o.e.m.c.i.embedder.EclipseLogger - skip non existing resourceDirectory E:\Fourth Frontier\Frontier X\frontierX\src\main\resources
2021-04-20 16:42:57,857 [Worker-17: Launching DownloadZIP] INFO  o.e.m.c.i.embedder.EclipseLogger - Using 'UTF-8' encoding to copy filtered resources.
2021-04-20 16:42:57,857 [Worker-17: Launching DownloadZIP] INFO  o.e.m.c.i.embedder.EclipseLogger - skip non existing resourceDirectory E:\Fourth Frontier\Frontier X\frontierX\src\test\resources
2021-04-20 16:46:03,997 [Worker-5: Building workspace] INFO  o.e.m.c.i.embedder.EclipseLogger - Using 'UTF-8' encoding to copy filtered resources.
2021-04-20 16:46:03,997 [Worker-5: Building workspace] INFO  o.e.m.c.i.embedder.EclipseLogger - skip non existing resourceDirectory E:\Fourth Frontier\Frontier X\frontierX\src\main\resources
2021-04-20 16:46:03,998 [Worker-5: Building workspace] INFO  o.e.m.c.i.embedder.EclipseLogger - Using 'UTF-8' encoding to copy filtered resources.
2021-04-20 16:46:03,998 [Worker-5: Building workspace] INFO  o.e.m.c.i.embedder.EclipseLogger - skip non existing resourceDirectory E:\Fourth Frontier\Frontier X\frontierX\src\test\resources
2021-04-20 16:47:17,444 [Worker-6: Launching DownloadZIP] INFO  o.e.m.c.i.embedder.EclipseLogger - Using 'UTF-8' encoding to copy filtered resources.
2021-04-20 16:47:17,444 [Worker-6: Launching DownloadZIP] INFO  o.e.m.c.i.embedder.EclipseLogger - skip non existing resourceDirectory E:\Fourth Frontier\Frontier X\frontierX\src\main\resources
2021-04-20 16:47:17,446 [Worker-6: Launching DownloadZIP] INFO  o.e.m.c.i.embedder.EclipseLogger - Using 'UTF-8' encoding to copy filtered resources.
2021-04-20 16:47:17,446 [Worker-6: Launching DownloadZIP] INFO  o.e.m.c.i.embedder.EclipseLogger - skip non existing resourceDirectory E:\Fourth Frontier\Frontier X\frontierX\src\test\resources
2021-04-20 16:50:35,964 [main] INFO  o.e.m2e.actions.ExecutePomAction - Creating new launch configuration
2021-04-20 16:50:43,838 [Worker-20: Launching EditActivity] INFO  o.e.m.c.i.embedder.EclipseLogger - Using 'UTF-8' encoding to copy filtered resources.
2021-04-20 16:50:43,839 [Worker-20: Launching EditActivity] INFO  o.e.m.c.i.embedder.EclipseLogger - skip non existing resourceDirectory E:\Fourth Frontier\Frontier X\frontierX\src\main\resources
2021-04-20 16:50:43,839 [Worker-20: Launching EditActivity] INFO  o.e.m.c.i.embedder.EclipseLogger - Using 'UTF-8' encoding to copy filtered resources.
2021-04-20 16:50:43,839 [Worker-20: Launching EditActivity] INFO  o.e.m.c.i.embedder.EclipseLogger - skip non existing resourceDirectory E:\Fourth Frontier\Frontier X\frontierX\src\test\resources
2021-04-20 16:56:51,634 [Worker-12: Launching GenerateECGPDF] INFO  o.e.m.c.i.embedder.EclipseLogger - Using 'UTF-8' encoding to copy filtered resources.
2021-04-20 16:56:51,634 [Worker-12: Launching GenerateECGPDF] INFO  o.e.m.c.i.embedder.EclipseLogger - skip non existing resourceDirectory E:\Fourth Frontier\Frontier X\frontierX\src\main\resources
2021-04-20 16:56:51,635 [Worker-12: Launching GenerateECGPDF] INFO  o.e.m.c.i.embedder.EclipseLogger - Using 'UTF-8' encoding to copy filtered resources.
2021-04-20 16:56:51,636 [Worker-12: Launching GenerateECGPDF] INFO  o.e.m.c.i.embedder.EclipseLogger - skip non existing resourceDirectory E:\Fourth Frontier\Frontier X\frontierX\src\test\resources
2021-04-20 17:02:58,860 [Worker-19: Launching LiveECGs] INFO  o.e.m.c.i.embedder.EclipseLogger - Using 'UTF-8' encoding to copy filtered resources.
2021-04-20 17:02:58,860 [Worker-19: Launching LiveECGs] INFO  o.e.m.c.i.embedder.EclipseLogger - skip non existing resourceDirectory E:\Fourth Frontier\Frontier X\frontierX\src\main\resources
2021-04-20 17:02:58,860 [Worker-19: Launching LiveECGs] INFO  o.e.m.c.i.embedder.EclipseLogger - Using 'UTF-8' encoding to copy filtered resources.
2021-04-20 17:02:58,861 [Worker-19: Launching LiveECGs] INFO  o.e.m.c.i.embedder.EclipseLogger - skip non existing resourceDirectory E:\Fourth Frontier\Frontier X\frontierX\src\test\resources
2021-04-20 17:08:36,308 [Worker-17: Launching LiveUserDashboard] INFO  o.e.m.c.i.embedder.EclipseLogger - Using 'UTF-8' encoding to copy filtered resources.
2021-04-20 17:08:36,308 [Worker-17: Launching LiveUserDashboard] INFO  o.e.m.c.i.embedder.EclipseLogger - skip non existing resourceDirectory E:\Fourth Frontier\Frontier X\frontierX\src\main\resources
2021-04-20 17:08:36,309 [Worker-17: Launching LiveUserDashboard] INFO  o.e.m.c.i.embedder.EclipseLogger - Using 'UTF-8' encoding to copy filtered resources.
2021-04-20 17:08:36,309 [Worker-17: Launching LiveUserDashboard] INFO  o.e.m.c.i.embedder.EclipseLogger - skip non existing resourceDirectory E:\Fourth Frontier\Frontier X\frontierX\src\test\resources
2021-04-20 17:14:18,886 [Worker-22: Launching TestHomePageActions] INFO  o.e.m.c.i.embedder.EclipseLogger - Using 'UTF-8' encoding to copy filtered resources.
2021-04-20 17:14:18,886 [Worker-22: Launching TestHomePageActions] INFO  o.e.m.c.i.embedder.EclipseLogger - skip non existing resourceDirectory E:\Fourth Frontier\Frontier X\frontierX\src\main\resources
2021-04-20 17:14:18,886 [Worker-22: Launching TestHomePageActions] INFO  o.e.m.c.i.embedder.EclipseLogger - Using 'UTF-8' encoding to copy filtered resources.
2021-04-20 17:14:18,886 [Worker-22: Launching TestHomePageActions] INFO  o.e.m.c.i.embedder.EclipseLogger - skip non existing resourceDirectory E:\Fourth Frontier\Frontier X\frontierX\src\test\resources
2021-04-20 17:18:09,037 [Worker-13: Launching TrainingLoad] INFO  o.e.m.c.i.embedder.EclipseLogger - Using 'UTF-8' encoding to copy filtered resources.
2021-04-20 17:18:09,038 [Worker-13: Launching TrainingLoad] INFO  o.e.m.c.i.embedder.EclipseLogger - skip non existing resourceDirectory E:\Fourth Frontier\Frontier X\frontierX\src\main\resources
2021-04-20 17:18:09,038 [Worker-13: Launching TrainingLoad] INFO  o.e.m.c.i.embedder.EclipseLogger - Using 'UTF-8' encoding to copy filtered resources.
2021-04-20 17:18:09,038 [Worker-13: Launching TrainingLoad] INFO  o.e.m.c.i.embedder.EclipseLogger - skip non existing resourceDirectory E:\Fourth Frontier\Frontier X\frontierX\src\test\resources
2021-04-20 17:18:42,183 [Worker-21: Resolving model org.eclipse.recommenders:index::zip:0.0.0] WARN  o.e.r.models.ModelRepository - Failed to download org.eclipse.recommenders:index::zip:0.0.0
org.eclipse.aether.resolution.ArtifactResolutionException: Could not find artifact org.eclipse.recommenders:index:zip:0.0.0-SNAPSHOT in models (http://download.eclipse.org/recommenders/models/photon/)
	at org.eclipse.aether.internal.impl.DefaultArtifactResolver.resolve(DefaultArtifactResolver.java:453) ~[na:na]
	at org.eclipse.aether.internal.impl.DefaultArtifactResolver.resolveArtifacts(DefaultArtifactResolver.java:255) ~[na:na]
	at org.eclipse.aether.internal.impl.DefaultArtifactResolver.resolveArtifact(DefaultArtifactResolver.java:232) ~[na:na]
	at org.eclipse.aether.internal.impl.DefaultRepositorySystem.resolveArtifact(DefaultRepositorySystem.java:303) ~[na:na]
	at org.eclipse.recommenders.models.ModelRepository.resolveInternal(ModelRepository.java:193) [org.eclipse.recommenders.models_2.5.3.v20180609-1554.jar:na]
	at org.eclipse.recommenders.models.ModelRepository.resolve(ModelRepository.java:172) [org.eclipse.recommenders.models_2.5.3.v20180609-1554.jar:na]
	at org.eclipse.recommenders.internal.models.rcp.EclipseModelRepository.resolve(EclipseModelRepository.java:168) [org.eclipse.recommenders.models.rcp_2.5.3.v20180609-1554.jar:na]
	at org.eclipse.recommenders.internal.models.rcp.DownloadModelArchiveJob.run(DownloadModelArchiveJob.java:76) [org.eclipse.recommenders.models.rcp_2.5.3.v20180609-1554.jar:na]
	at org.eclipse.core.internal.jobs.Worker.run(Worker.java:60) [org.eclipse.core.jobs_3.10.0.v20180427-1454.jar:na]
Caused by: org.eclipse.aether.transfer.ArtifactNotFoundException: Could not find artifact org.eclipse.recommenders:index:zip:0.0.0-SNAPSHOT in models (http://download.eclipse.org/recommenders/models/photon/)
	at org.eclipse.aether.connector.basic.ArtifactTransportListener.transferFailed(ArtifactTransportListener.java:48) ~[org.apache.maven.resolver.connector.basic_1.0.3.v20170405-0725.jar:1.0.3]
	at org.eclipse.aether.connector.basic.BasicRepositoryConnector$TaskRunner.run(BasicRepositoryConnector.java:364) ~[org.apache.maven.resolver.connector.basic_1.0.3.v20170405-0725.jar:1.0.3]
	at org.eclipse.aether.util.concurrency.RunnableErrorForwarder$1.run(RunnableErrorForwarder.java:76) ~[na:na]
	at org.eclipse.aether.connector.basic.BasicRepositoryConnector$DirectExecutor.execute(BasicRepositoryConnector.java:590) ~[org.apache.maven.resolver.connector.basic_1.0.3.v20170405-0725.jar:1.0.3]
	at org.eclipse.aether.connector.basic.BasicRepositoryConnector.get(BasicRepositoryConnector.java:258) ~[org.apache.maven.resolver.connector.basic_1.0.3.v20170405-0725.jar:1.0.3]
	at org.eclipse.aether.internal.impl.DefaultArtifactResolver.performDownloads(DefaultArtifactResolver.java:529) ~[na:na]
	at org.eclipse.aether.internal.impl.DefaultArtifactResolver.resolve(DefaultArtifactResolver.java:430) ~[na:na]
	... 8 common frames omitted
2021-04-20 17:18:57,344 [Worker-20: Launching TrainingLoad] INFO  o.e.m.c.i.embedder.EclipseLogger - Using 'UTF-8' encoding to copy filtered resources.
2021-04-20 17:18:57,345 [Worker-20: Launching TrainingLoad] INFO  o.e.m.c.i.embedder.EclipseLogger - skip non existing resourceDirectory E:\Fourth Frontier\Frontier X\frontierX\src\main\resources
2021-04-20 17:18:57,345 [Worker-20: Launching TrainingLoad] INFO  o.e.m.c.i.embedder.EclipseLogger - Using 'UTF-8' encoding to copy filtered resources.
2021-04-20 17:18:57,345 [Worker-20: Launching TrainingLoad] INFO  o.e.m.c.i.embedder.EclipseLogger - skip non existing resourceDirectory E:\Fourth Frontier\Frontier X\frontierX\src\test\resources
2021-04-20 17:20:47,803 [Worker-5: Launching UserType] INFO  o.e.m.c.i.embedder.EclipseLogger - Using 'UTF-8' encoding to copy filtered resources.
2021-04-20 17:20:47,803 [Worker-5: Launching UserType] INFO  o.e.m.c.i.embedder.EclipseLogger - skip non existing resourceDirectory E:\Fourth Frontier\Frontier X\frontierX\src\main\resources
2021-04-20 17:20:47,803 [Worker-5: Launching UserType] INFO  o.e.m.c.i.embedder.EclipseLogger - Using 'UTF-8' encoding to copy filtered resources.
2021-04-20 17:20:47,803 [Worker-5: Launching UserType] INFO  o.e.m.c.i.embedder.EclipseLogger - skip non existing resourceDirectory E:\Fourth Frontier\Frontier X\frontierX\src\test\resources
2021-04-20 17:21:54,422 [Worker-19: Launching UserType] INFO  o.e.m.c.i.embedder.EclipseLogger - Using 'UTF-8' encoding to copy filtered resources.
2021-04-20 17:21:54,422 [Worker-19: Launching UserType] INFO  o.e.m.c.i.embedder.EclipseLogger - skip non existing resourceDirectory E:\Fourth Frontier\Frontier X\frontierX\src\main\resources
2021-04-20 17:21:54,423 [Worker-19: Launching UserType] INFO  o.e.m.c.i.embedder.EclipseLogger - Using 'UTF-8' encoding to copy filtered resources.
2021-04-20 17:21:54,423 [Worker-19: Launching UserType] INFO  o.e.m.c.i.embedder.EclipseLogger - skip non existing resourceDirectory E:\Fourth Frontier\Frontier X\frontierX\src\test\resources
2021-04-20 17:22:28,995 [Worker-21: Launching UserType] INFO  o.e.m.c.i.embedder.EclipseLogger - Using 'UTF-8' encoding to copy filtered resources.
2021-04-20 17:22:28,995 [Worker-21: Launching UserType] INFO  o.e.m.c.i.embedder.EclipseLogger - skip non existing resourceDirectory E:\Fourth Frontier\Frontier X\frontierX\src\main\resources
2021-04-20 17:22:28,996 [Worker-21: Launching UserType] INFO  o.e.m.c.i.embedder.EclipseLogger - Using 'UTF-8' encoding to copy filtered resources.
2021-04-20 17:22:28,996 [Worker-21: Launching UserType] INFO  o.e.m.c.i.embedder.EclipseLogger - skip non existing resourceDirectory E:\Fourth Frontier\Frontier X\frontierX\src\test\resources
2021-04-20 17:25:35,044 [Worker-23: Launching ValidInvalidLoginCreds] INFO  o.e.m.c.i.embedder.EclipseLogger - Using 'UTF-8' encoding to copy filtered resources.
2021-04-20 17:25:35,045 [Worker-23: Launching ValidInvalidLoginCreds] INFO  o.e.m.c.i.embedder.EclipseLogger - skip non existing resourceDirectory E:\Fourth Frontier\Frontier X\frontierX\src\main\resources
2021-04-20 17:25:35,046 [Worker-23: Launching ValidInvalidLoginCreds] INFO  o.e.m.c.i.embedder.EclipseLogger - Using 'UTF-8' encoding to copy filtered resources.
2021-04-20 17:25:35,046 [Worker-23: Launching ValidInvalidLoginCreds] INFO  o.e.m.c.i.embedder.EclipseLogger - skip non existing resourceDirectory E:\Fourth Frontier\Frontier X\frontierX\src\test\resources
2021-04-20 17:26:28,681 [Worker-13: Launching ValidInvalidLoginCreds] INFO  o.e.m.c.i.embedder.EclipseLogger - Using 'UTF-8' encoding to copy filtered resources.
2021-04-20 17:26:28,681 [Worker-13: Launching ValidInvalidLoginCreds] INFO  o.e.m.c.i.embedder.EclipseLogger - skip non existing resourceDirectory E:\Fourth Frontier\Frontier X\frontierX\src\main\resources
2021-04-20 17:26:28,681 [Worker-13: Launching ValidInvalidLoginCreds] INFO  o.e.m.c.i.embedder.EclipseLogger - Using 'UTF-8' encoding to copy filtered resources.
2021-04-20 17:26:28,681 [Worker-13: Launching ValidInvalidLoginCreds] INFO  o.e.m.c.i.embedder.EclipseLogger - skip non existing resourceDirectory E:\Fourth Frontier\Frontier X\frontierX\src\test\resources
2021-04-20 17:33:09,345 [Worker-22: Building workspace] INFO  o.e.m.c.i.embedder.EclipseLogger - Using 'UTF-8' encoding to copy filtered resources.
2021-04-20 17:33:09,346 [Worker-22: Building workspace] INFO  o.e.m.c.i.embedder.EclipseLogger - skip non existing resourceDirectory E:\Fourth Frontier\Frontier X\frontierX\src\main\resources
2021-04-20 17:33:09,346 [Worker-22: Building workspace] INFO  o.e.m.c.i.embedder.EclipseLogger - Using 'UTF-8' encoding to copy filtered resources.
2021-04-20 17:33:09,346 [Worker-22: Building workspace] INFO  o.e.m.c.i.embedder.EclipseLogger - skip non existing resourceDirectory E:\Fourth Frontier\Frontier X\frontierX\src\test\resources
2021-04-20 17:33:47,779 [Worker-23: Building workspace] INFO  o.e.m.c.i.embedder.EclipseLogger - Using 'UTF-8' encoding to copy filtered resources.
2021-04-20 17:33:47,780 [Worker-23: Building workspace] INFO  o.e.m.c.i.embedder.EclipseLogger - skip non existing resourceDirectory E:\Fourth Frontier\Frontier X\frontierX\src\main\resources
2021-04-20 17:33:47,780 [Worker-23: Building workspace] INFO  o.e.m.c.i.embedder.EclipseLogger - Using 'UTF-8' encoding to copy filtered resources.
2021-04-20 17:33:47,780 [Worker-23: Building workspace] INFO  o.e.m.c.i.embedder.EclipseLogger - skip non existing resourceDirectory E:\Fourth Frontier\Frontier X\frontierX\src\test\resources
2021-04-20 17:34:03,397 [Worker-23: Building workspace] INFO  o.e.m.c.i.embedder.EclipseLogger - Using 'UTF-8' encoding to copy filtered resources.
2021-04-20 17:34:03,397 [Worker-23: Building workspace] INFO  o.e.m.c.i.embedder.EclipseLogger - skip non existing resourceDirectory E:\Fourth Frontier\Frontier X\frontierX\src\main\resources
2021-04-20 17:34:03,398 [Worker-23: Building workspace] INFO  o.e.m.c.i.embedder.EclipseLogger - Using 'UTF-8' encoding to copy filtered resources.
2021-04-20 17:34:03,398 [Worker-23: Building workspace] INFO  o.e.m.c.i.embedder.EclipseLogger - skip non existing resourceDirectory E:\Fourth Frontier\Frontier X\frontierX\src\test\resources
2021-04-20 17:34:42,258 [Worker-5: Building workspace] INFO  o.e.m.c.i.embedder.EclipseLogger - Using 'UTF-8' encoding to copy filtered resources.
2021-04-20 17:34:42,258 [Worker-5: Building workspace] INFO  o.e.m.c.i.embedder.EclipseLogger - skip non existing resourceDirectory E:\Fourth Frontier\Frontier X\frontierX\src\main\resources
2021-04-20 17:34:42,259 [Worker-5: Building workspace] INFO  o.e.m.c.i.embedder.EclipseLogger - Using 'UTF-8' encoding to copy filtered resources.
2021-04-20 17:34:42,259 [Worker-5: Building workspace] INFO  o.e.m.c.i.embedder.EclipseLogger - skip non existing resourceDirectory E:\Fourth Frontier\Frontier X\frontierX\src\test\resources
2021-04-20 17:34:56,850 [Worker-23: Building workspace] INFO  o.e.m.c.i.embedder.EclipseLogger - Using 'UTF-8' encoding to copy filtered resources.
2021-04-20 17:34:56,850 [Worker-23: Building workspace] INFO  o.e.m.c.i.embedder.EclipseLogger - skip non existing resourceDirectory E:\Fourth Frontier\Frontier X\frontierX\src\main\resources
2021-04-20 17:34:56,850 [Worker-23: Building workspace] INFO  o.e.m.c.i.embedder.EclipseLogger - Using 'UTF-8' encoding to copy filtered resources.
2021-04-20 17:34:56,851 [Worker-23: Building workspace] INFO  o.e.m.c.i.embedder.EclipseLogger - skip non existing resourceDirectory E:\Fourth Frontier\Frontier X\frontierX\src\test\resources
2021-04-20 17:35:08,293 [Worker-19: Building workspace] INFO  o.e.m.c.i.embedder.EclipseLogger - Using 'UTF-8' encoding to copy filtered resources.
2021-04-20 17:35:08,293 [Worker-19: Building workspace] INFO  o.e.m.c.i.embedder.EclipseLogger - skip non existing resourceDirectory E:\Fourth Frontier\Frontier X\frontierX\src\main\resources
2021-04-20 17:35:08,297 [Worker-19: Building workspace] INFO  o.e.m.c.i.embedder.EclipseLogger - Using 'UTF-8' encoding to copy filtered resources.
2021-04-20 17:35:08,297 [Worker-19: Building workspace] INFO  o.e.m.c.i.embedder.EclipseLogger - skip non existing resourceDirectory E:\Fourth Frontier\Frontier X\frontierX\src\test\resources
2021-04-20 17:35:20,661 [Worker-22: Building workspace] INFO  o.e.m.c.i.embedder.EclipseLogger - Using 'UTF-8' encoding to copy filtered resources.
2021-04-20 17:35:20,661 [Worker-22: Building workspace] INFO  o.e.m.c.i.embedder.EclipseLogger - skip non existing resourceDirectory E:\Fourth Frontier\Frontier X\frontierX\src\main\resources
2021-04-20 17:35:20,661 [Worker-22: Building workspace] INFO  o.e.m.c.i.embedder.EclipseLogger - Using 'UTF-8' encoding to copy filtered resources.
2021-04-20 17:35:20,661 [Worker-22: Building workspace] INFO  o.e.m.c.i.embedder.EclipseLogger - skip non existing resourceDirectory E:\Fourth Frontier\Frontier X\frontierX\src\test\resources
2021-04-20 17:35:52,961 [Worker-23: Building workspace] INFO  o.e.m.c.i.embedder.EclipseLogger - Using 'UTF-8' encoding to copy filtered resources.
2021-04-20 17:35:52,961 [Worker-23: Building workspace] INFO  o.e.m.c.i.embedder.EclipseLogger - skip non existing resourceDirectory E:\Fourth Frontier\Frontier X\frontierX\src\main\resources
2021-04-20 17:35:52,961 [Worker-23: Building workspace] INFO  o.e.m.c.i.embedder.EclipseLogger - Using 'UTF-8' encoding to copy filtered resources.
2021-04-20 17:35:52,961 [Worker-23: Building workspace] INFO  o.e.m.c.i.embedder.EclipseLogger - skip non existing resourceDirectory E:\Fourth Frontier\Frontier X\frontierX\src\test\resources
2021-04-20 17:36:13,955 [Worker-6: Building workspace] INFO  o.e.m.c.i.embedder.EclipseLogger - Using 'UTF-8' encoding to copy filtered resources.
2021-04-20 17:36:13,955 [Worker-6: Building workspace] INFO  o.e.m.c.i.embedder.EclipseLogger - skip non existing resourceDirectory E:\Fourth Frontier\Frontier X\frontierX\src\main\resources
2021-04-20 17:36:13,956 [Worker-6: Building workspace] INFO  o.e.m.c.i.embedder.EclipseLogger - Using 'UTF-8' encoding to copy filtered resources.
2021-04-20 17:36:13,956 [Worker-6: Building workspace] INFO  o.e.m.c.i.embedder.EclipseLogger - skip non existing resourceDirectory E:\Fourth Frontier\Frontier X\frontierX\src\test\resources
2021-04-21 10:49:27,777 [Worker-10: Loading available Gradle versions] INFO  c.g.t.t.d.PublishedGradleVersions - Gradle version information cache is out-of-date. Trying to update.
2021-04-21 10:49:30,399 [Worker-2: Building workspace] INFO  o.e.m.c.i.embedder.EclipseLogger - Using 'UTF-8' encoding to copy filtered resources.
2021-04-21 10:49:30,401 [Worker-2: Building workspace] INFO  o.e.m.c.i.embedder.EclipseLogger - skip non existing resourceDirectory E:\Fourth Frontier\Frontier X\frontierX\src\main\resources
2021-04-21 10:49:30,403 [Worker-2: Building workspace] INFO  o.e.m.c.i.embedder.EclipseLogger - Using 'UTF-8' encoding to copy filtered resources.
2021-04-21 10:49:30,404 [Worker-2: Building workspace] INFO  o.e.m.c.i.embedder.EclipseLogger - skip non existing resourceDirectory E:\Fourth Frontier\Frontier X\frontierX\src\test\resources
2021-04-21 10:49:47,671 [Worker-6: Resolving model org.eclipse.recommenders:index::zip:0.0.0] WARN  o.e.r.models.ModelRepository - Failed to download org.eclipse.recommenders:index::zip:0.0.0
org.eclipse.aether.resolution.ArtifactResolutionException: Could not find artifact org.eclipse.recommenders:index:zip:0.0.0-SNAPSHOT in models (http://download.eclipse.org/recommenders/models/photon/)
	at org.eclipse.aether.internal.impl.DefaultArtifactResolver.resolve(DefaultArtifactResolver.java:453) ~[na:na]
	at org.eclipse.aether.internal.impl.DefaultArtifactResolver.resolveArtifacts(DefaultArtifactResolver.java:255) ~[na:na]
	at org.eclipse.aether.internal.impl.DefaultArtifactResolver.resolveArtifact(DefaultArtifactResolver.java:232) ~[na:na]
	at org.eclipse.aether.internal.impl.DefaultRepositorySystem.resolveArtifact(DefaultRepositorySystem.java:303) ~[na:na]
	at org.eclipse.recommenders.models.ModelRepository.resolveInternal(ModelRepository.java:193) [org.eclipse.recommenders.models_2.5.3.v20180609-1554.jar:na]
	at org.eclipse.recommenders.models.ModelRepository.resolve(ModelRepository.java:172) [org.eclipse.recommenders.models_2.5.3.v20180609-1554.jar:na]
	at org.eclipse.recommenders.internal.models.rcp.EclipseModelRepository.resolve(EclipseModelRepository.java:168) [org.eclipse.recommenders.models.rcp_2.5.3.v20180609-1554.jar:na]
	at org.eclipse.recommenders.internal.models.rcp.DownloadModelArchiveJob.run(DownloadModelArchiveJob.java:76) [org.eclipse.recommenders.models.rcp_2.5.3.v20180609-1554.jar:na]
	at org.eclipse.core.internal.jobs.Worker.run(Worker.java:60) [org.eclipse.core.jobs_3.10.0.v20180427-1454.jar:na]
Caused by: org.eclipse.aether.transfer.ArtifactNotFoundException: Could not find artifact org.eclipse.recommenders:index:zip:0.0.0-SNAPSHOT in models (http://download.eclipse.org/recommenders/models/photon/)
	at org.eclipse.aether.connector.basic.ArtifactTransportListener.transferFailed(ArtifactTransportListener.java:48) ~[org.apache.maven.resolver.connector.basic_1.0.3.v20170405-0725.jar:1.0.3]
	at org.eclipse.aether.connector.basic.BasicRepositoryConnector$TaskRunner.run(BasicRepositoryConnector.java:364) ~[org.apache.maven.resolver.connector.basic_1.0.3.v20170405-0725.jar:1.0.3]
	at org.eclipse.aether.util.concurrency.RunnableErrorForwarder$1.run(RunnableErrorForwarder.java:76) ~[na:na]
	at org.eclipse.aether.connector.basic.BasicRepositoryConnector$DirectExecutor.execute(BasicRepositoryConnector.java:590) ~[org.apache.maven.resolver.connector.basic_1.0.3.v20170405-0725.jar:1.0.3]
	at org.eclipse.aether.connector.basic.BasicRepositoryConnector.get(BasicRepositoryConnector.java:258) ~[org.apache.maven.resolver.connector.basic_1.0.3.v20170405-0725.jar:1.0.3]
	at org.eclipse.aether.internal.impl.DefaultArtifactResolver.performDownloads(DefaultArtifactResolver.java:529) ~[na:na]
	at org.eclipse.aether.internal.impl.DefaultArtifactResolver.resolve(DefaultArtifactResolver.java:430) ~[na:na]
	... 8 common frames omitted
2021-04-21 10:50:12,130 [Worker-4: Launching DownloadZIP] INFO  o.e.m.c.i.embedder.EclipseLogger - Using 'UTF-8' encoding to copy filtered resources.
2021-04-21 10:50:12,131 [Worker-4: Launching DownloadZIP] INFO  o.e.m.c.i.embedder.EclipseLogger - skip non existing resourceDirectory E:\Fourth Frontier\Frontier X\frontierX\src\main\resources
2021-04-21 10:50:12,133 [Worker-4: Launching DownloadZIP] INFO  o.e.m.c.i.embedder.EclipseLogger - Using 'UTF-8' encoding to copy filtered resources.
2021-04-21 10:50:12,133 [Worker-4: Launching DownloadZIP] INFO  o.e.m.c.i.embedder.EclipseLogger - skip non existing resourceDirectory E:\Fourth Frontier\Frontier X\frontierX\src\test\resources
2021-04-21 10:51:31,418 [Worker-1: Launching DownloadCSV] INFO  o.e.m.c.i.embedder.EclipseLogger - Using 'UTF-8' encoding to copy filtered resources.
2021-04-21 10:51:31,419 [Worker-1: Launching DownloadCSV] INFO  o.e.m.c.i.embedder.EclipseLogger - skip non existing resourceDirectory E:\Fourth Frontier\Frontier X\frontierX\src\main\resources
2021-04-21 10:51:31,421 [Worker-1: Launching DownloadCSV] INFO  o.e.m.c.i.embedder.EclipseLogger - Using 'UTF-8' encoding to copy filtered resources.
2021-04-21 10:51:31,421 [Worker-1: Launching DownloadCSV] INFO  o.e.m.c.i.embedder.EclipseLogger - skip non existing resourceDirectory E:\Fourth Frontier\Frontier X\frontierX\src\test\resources
2021-04-21 15:19:15,958 [Worker-5: Loading available Gradle versions] INFO  c.g.t.t.d.PublishedGradleVersions - Gradle version information cache is up-to-date. Trying to read.
2021-04-21 15:19:18,608 [Worker-11: Building workspace] INFO  o.e.m.c.i.embedder.EclipseLogger - Using 'UTF-8' encoding to copy filtered resources.
2021-04-21 15:19:18,609 [Worker-11: Building workspace] INFO  o.e.m.c.i.embedder.EclipseLogger - skip non existing resourceDirectory E:\Fourth Frontier\Frontier X\frontierX\src\main\resources
2021-04-21 15:19:18,611 [Worker-11: Building workspace] INFO  o.e.m.c.i.embedder.EclipseLogger - Using 'UTF-8' encoding to copy filtered resources.
2021-04-21 15:19:18,612 [Worker-11: Building workspace] INFO  o.e.m.c.i.embedder.EclipseLogger - skip non existing resourceDirectory E:\Fourth Frontier\Frontier X\frontierX\src\test\resources
2021-04-21 15:21:36,729 [Worker-11: Launching DownloadCSV] INFO  o.e.m.c.i.embedder.EclipseLogger - Using 'UTF-8' encoding to copy filtered resources.
2021-04-21 15:21:36,729 [Worker-11: Launching DownloadCSV] INFO  o.e.m.c.i.embedder.EclipseLogger - skip non existing resourceDirectory E:\Fourth Frontier\Frontier X\frontierX\src\main\resources
2021-04-21 15:21:36,731 [Worker-11: Launching DownloadCSV] INFO  o.e.m.c.i.embedder.EclipseLogger - Using 'UTF-8' encoding to copy filtered resources.
2021-04-21 15:21:36,731 [Worker-11: Launching DownloadCSV] INFO  o.e.m.c.i.embedder.EclipseLogger - skip non existing resourceDirectory E:\Fourth Frontier\Frontier X\frontierX\src\test\resources
